<?xml version="1.0" encoding="UTF-8"?>
<testng-results ignored="0" total="1" passed="1" failed="0" skipped="0">
  <reporter-output>
  </reporter-output>
  <suite started-at="2024-10-17T10:04:51 IST" name="Suite" finished-at="2024-10-17T10:05:00 IST" duration-ms="8866">
    <groups>
    </groups>
    <test started-at="2024-10-17T10:04:51 IST" name="Test" finished-at="2024-10-17T10:05:00 IST" duration-ms="8866">
      <class name="Base.Test1">
        <test-method signature="LoginPage()[pri:0, instance:Base.Test1@4d5d943d]" started-at="2024-10-17T10:04:51 IST" name="LoginPage" finished-at="2024-10-17T10:05:00 IST" duration-ms="8831" status="PASS">
          <reporter-output>
          </reporter-output>
        </test-method> <!-- LoginPage -->
      </class> <!-- Base.Test1 -->
    </test> <!-- Test -->
  </suite> <!-- Suite -->
</testng-results>
